[2017-03-18 00:43:33.512] [INFO] scratch - { _id: 58cab978484736f8bfe2e20d,
  title: 'hello scratch',
  discription: 'fasfsadasd',
  coursePath: '/video/1464190314146.mp4',
  uploadTime: 2017-03-17T16:43:33.511Z,
  difficultyLevel: 2,
  praiseCount: 0,
  watchCount: 1762,
  courseType: 1,
  coursePrise: 25 }
[2017-03-18 00:50:12.563] [INFO] scratch - { _id: 58cab978484736f8bfe2e20d,
  title: 'hello scratch',
  discription: 'fasfsadasd',
  coursePath: '/video/1464190314146.mp4',
  uploadTime: 2017-03-17T16:50:12.562Z,
  difficultyLevel: 2,
  praiseCount: 0,
  watchCount: 1762,
  courseType: 1,
  coursePrise: 25 }
[2017-03-18 00:50:13.174] [ERROR] scratch - { CastError: Cast to ObjectId failed for value "undefined" at path "_id"
    at MongooseError.CastError (F:\git\ExpressProject\node_modules\mongoose\lib\error\cast.js:26:11)
    at ObjectId.cast (F:\git\ExpressProject\node_modules\mongoose\lib\schema\objectid.js:147:13)
    at ObjectId.castForQuery (F:\git\ExpressProject\node_modules\mongoose\lib\schema\objectid.js:187:15)
    at cast (F:\git\ExpressProject\node_modules\mongoose\lib\cast.js:225:32)
    at Query.cast (F:\git\ExpressProject\node_modules\mongoose\lib\query.js:2685:10)
    at Query.find (F:\git\ExpressProject\node_modules\mongoose\lib\query.js:1139:10)
    at Function.find (F:\git\ExpressProject\node_modules\mongoose\lib\model.js:1195:13)
    at Object.exports.getCourseDetail (F:\git\ExpressProject\proxy\course.js:14:17)
    at exports.showCourseDetail (F:\git\ExpressProject\controller\coursers.js:27:12)
    at Layer.handle [as handle_request] (F:\git\ExpressProject\node_modules\express\lib\router\layer.js:82:5)
    at next (F:\git\ExpressProject\node_modules\express\lib\router\route.js:100:13)
    at Route.dispatch (F:\git\ExpressProject\node_modules\express\lib\router\route.js:81:3)
    at Layer.handle [as handle_request] (F:\git\ExpressProject\node_modules\express\lib\router\layer.js:82:5)
    at F:\git\ExpressProject\node_modules\express\lib\router\index.js:233:24
    at param (F:\git\ExpressProject\node_modules\express\lib\router\index.js:330:14)
    at param (F:\git\ExpressProject\node_modules\express\lib\router\index.js:346:14)
  message: 'Cast to ObjectId failed for value "undefined" at path "_id"',
  name: 'CastError',
  kind: 'ObjectId',
  value: 'undefined',
  path: '_id',
  reason: undefined }
